<?xml version="1.0" encoding="UTF-8"?>
<testsuite name="PositionsTest" tests="2" skipped="0" failures="0" errors="0" timestamp="2015-08-06T20:23:52" hostname="mfreyre.local" time="0.002">
  <properties/>
  <testcase name="shouldPrintAppearanceWhenPrinting" classname="PositionsTest" time="0.002"/>
  <testcase name="shouldSetPositionAppearanceToAppropriateSymbol" classname="PositionsTest" time="0.0"/>
  <system-out><![CDATA[]]></system-out>
  <system-err><![CDATA[]]></system-err>
</testsuite>
