<?xml version="1.0" encoding="UTF-8"?>
<testsuite name="BoardTest" tests="3" skipped="0" failures="0" errors="0" timestamp="2015-08-06T22:20:40" hostname="mfreyre.local" time="0.124">
  <properties/>
  <testcase name="shouldDisplayBoard" classname="BoardTest" time="0.122"/>
  <testcase name="shouldMarkPositionWithSymbol" classname="BoardTest" time="0.0"/>
  <testcase name="shouldNotOverridePreexistingSymbol" classname="BoardTest" time="0.002"/>
  <system-out><![CDATA[]]></system-out>
  <system-err><![CDATA[]]></system-err>
</testsuite>
