<?xml version="1.0" encoding="UTF-8"?>
<testsuite name="OrchestratorOfGameTest" tests="4" skipped="0" failures="0" errors="0" timestamp="2015-08-06T21:47:11" hostname="mfreyre.local" time="0.145">
  <properties/>
  <testcase name="shouldTakeInUserInput" classname="OrchestratorOfGameTest" time="0.131"/>
  <testcase name="shouldMarkBoardCorrectlyForPlayerOne" classname="OrchestratorOfGameTest" time="0.01"/>
  <testcase name="shouldMarkBoardCorrectlyForPlayerTwo" classname="OrchestratorOfGameTest" time="0.001"/>
  <testcase name="shouldPromptPlayer1ForMove" classname="OrchestratorOfGameTest" time="0.002"/>
  <system-out><![CDATA[]]></system-out>
  <system-err><![CDATA[]]></system-err>
</testsuite>
