<?xml version="1.0" encoding="UTF-8"?>
<testsuite name="BoardTest" tests="2" skipped="0" failures="0" errors="0" timestamp="2015-08-06T20:23:52" hostname="mfreyre.local" time="0.134">
  <properties/>
  <testcase name="shouldDisplayBoard" classname="BoardTest" time="0.134"/>
  <testcase name="shouldMarkPositionWithSymbol" classname="BoardTest" time="0.0"/>
  <system-out><![CDATA[]]></system-out>
  <system-err><![CDATA[]]></system-err>
</testsuite>
