<?xml version="1.0" encoding="UTF-8"?>
<testsuite name="BoardTest" tests="4" skipped="0" failures="0" errors="0" timestamp="2015-08-06T22:38:24" hostname="mfreyre.local" time="0.131">
  <properties/>
  <testcase name="shouldDisplayBoard" classname="BoardTest" time="0.128"/>
  <testcase name="shouldMessageUserWhenLocationIsTaken" classname="BoardTest" time="0.001"/>
  <testcase name="shouldMarkPositionWithSymbol" classname="BoardTest" time="0.0"/>
  <testcase name="shouldNotOverridePreexistingSymbol" classname="BoardTest" time="0.001"/>
  <system-out><![CDATA[]]></system-out>
  <system-err><![CDATA[]]></system-err>
</testsuite>
