<?xml version="1.0" encoding="UTF-8"?>
<testsuite name="BoardTest" tests="1" skipped="0" failures="0" errors="0" timestamp="2015-08-06T18:48:06" hostname="mfreyre.local" time="0.111">
  <properties/>
  <testcase name="shouldDisplayBoard" classname="BoardTest" time="0.111"/>
  <system-out><![CDATA[]]></system-out>
  <system-err><![CDATA[]]></system-err>
</testsuite>
