<?xml version="1.0" encoding="UTF-8"?>
<testsuite name="OrchestratorOfGameTest" tests="2" skipped="0" failures="0" errors="0" timestamp="2015-08-06T21:20:02" hostname="mfreyre.local" time="0.131">
  <properties/>
  <testcase name="shouldTakeInUserInput" classname="OrchestratorOfGameTest" time="0.124"/>
  <testcase name="shouldPromptPlayer1ForMove" classname="OrchestratorOfGameTest" time="0.007"/>
  <system-out><![CDATA[]]></system-out>
  <system-err><![CDATA[]]></system-err>
</testsuite>
